  Assembling Main.asm...
\masm32\include\masm32rt.inc(32): error A2008: syntax error : .
\masm32\include\masm32rt.inc(33): error A2008: syntax error : .
\masm32\include\windows.inc(9750): error A2008: syntax error : dword
\masm32\include\windows.inc(10183): error A2008: syntax error : frame
\masm32\include\windows.inc(16333): error A2008: syntax error : dword
\masm32\include\windows.inc(18862): error A2008: syntax error : Frame
\masm32\include\winextra.inc(11052): error A2026: constant expected
\masm32\include\winextra.inc(11053): error A2026: constant expected
\masm32\include\masm32.inc(36): error A2008: syntax error : fpin
\masm32\include\masm32.inc(37): error A2008: syntax error : fpin
\masm32\include\masm32.inc(38): error A2008: syntax error : szIn
\masm32\macros\macros.asm(2704): error A2044: invalid character in file
\masm32\macros\macros.asm(2706): error A2044: invalid character in file
\masm32\macros\macros.asm(2853): error A2044: invalid character in file
\masm32\macros\macros.asm(2857): error A2044: invalid character in file
\masm32\macros\macros.asm(2872): error A2044: invalid character in file
\masm32\macros\macros.asm(2876): error A2044: invalid character in file
drd.inc(5): error A2008: syntax error : wdth
funcs.inc(1): error A2008: syntax error : .
funcs.inc(137): error A2008: syntax error : explosionBombs
funcs.inc(159): error A2008: syntax error : isSpecialFunc
funcs.inc(167): error A2008: syntax error : drd_imageDraw
funcs.inc(361): error A2008: syntax error : hadCollisionedWall
funcs.inc(363): error A2008: syntax error : hadCollisionedBreak
funcs.inc(365): error A2008: syntax error : invoke
funcs.inc(369): error A2008: syntax error : invoke
funcs.inc(382): error A2008: syntax error : invoke
funcs.inc(386): error A2008: syntax error : invoke
funcs.inc(390): error A2008: syntax error : invoke
funcs.inc(394): error A2008: syntax error : invoke
funcs.inc(435): error A2008: syntax error : throwBomb
funcs.inc(439): error A2008: syntax error : bombAllBombs
funcs.inc(451): error A2008: syntax error : hadCollisionedWall
funcs.inc(453): error A2008: syntax error : hadCollisionedBreak
funcs.inc(455): error A2008: syntax error : invoke
funcs.inc(459): error A2008: syntax error : invoke
funcs.inc(472): error A2008: syntax error : invoke
funcs.inc(476): error A2008: syntax error : invoke
funcs.inc(480): error A2008: syntax error : invoke
funcs.inc(484): error A2008: syntax error : invoke
funcs.inc(525): error A2008: syntax error : throwBomb
funcs.inc(529): error A2008: syntax error : bombAllBombs
funcs.inc(603): error A2008: syntax error : drd_imageDraw
funcs.inc(627): error A2008: syntax error : drd_imageDraw
funcs.inc(636): error A2008: syntax error : drd_imageDraw
funcs.inc(645): error A2008: syntax error : drd_imageDraw
funcs.inc(654): error A2008: syntax error : drd_imageDraw
funcs.inc(906): error A2008: syntax error : pusha
funcs.inc(907): error A2008: syntax error : bulletColosions
funcs.inc(908): error A2008: syntax error : popa
funcs.inc(909): error A2008: syntax error : pusha
funcs.inc(910): error A2008: syntax error : bulletColideMan
funcs.inc(911): error A2008: syntax error : popa
funcs.inc(961): error A2008: syntax error : drd_imageDraw
funcs.inc(1001): error A2008: syntax error : drd_imageDraw
funcs.inc(1008): error A2008: syntax error : drd_imageDraw
funcs.inc(1012): error A2008: syntax error : drd_imageSetTransparent
funcs.inc(1015): error A2008: syntax error : drd_imageDraw
funcs.inc(1100): error A2008: syntax error : pusha
funcs.inc(1111): error A2008: syntax error : popa
funcs.inc(1119): error A2008: syntax error : pusha
funcs.inc(1122): error A2008: syntax error : bufferLength
funcs.inc(1124): error A2008: syntax error : bufferLength
funcs.inc(1134): error A2008: syntax error : popa
funcs.inc(1139): error A2008: syntax error : pusha
funcs.inc(1141): error A2008: syntax error : bufferLength
funcs.inc(1144): error A2008: syntax error : popa
funcs.inc(1151): error A2008: syntax error : popa
funcs.inc(1156): error A2008: syntax error : deleteBufferContent
funcs.inc(1158): error A2008: syntax error : smallBufferToBigBuffer
funcs.inc(1159): error A2008: syntax error : dwtoa
funcs.inc(1160): error A2008: syntax error : smallBufferToBigBuffer
funcs.inc(1162): error A2008: syntax error : smallBufferToBigBuffer
funcs.inc(1163): error A2008: syntax error : dwtoa
funcs.inc(1164): error A2008: syntax error : smallBufferToBigBuffer
funcs.inc(1167): error A2008: syntax error : smallBufferToBigBuffer
funcs.inc(1168): error A2008: syntax error : dwtoa
funcs.inc(1169): error A2008: syntax error : smallBufferToBigBuffer
funcs.inc(1171): error A2008: syntax error : smallBufferToBigBuffer
funcs.inc(1172): error A2008: syntax error : dwtoa
funcs.inc(1173): error A2008: syntax error : smallBufferToBigBuffer
funcs.inc(1176): error A2008: syntax error : drd_setWindowTitle
funcs.inc(1186): error A2008: syntax error : hadCollisionedBreak
funcs.inc(1195): error A2008: syntax error : hadCollisionedWall
funcs.inc(1245): error A2008: syntax error : throwBomb
funcs.inc(1250): error A2008: syntax error : bombAllBombs
MainFuncs.inc(9): error A2008: syntax error : invoke
MainFuncs.inc(15): error A2008: syntax error : drd_imageLoadFile
MainFuncs.inc(16): error A2008: syntax error : drd_imageSetTransparent
MainFuncs.inc(19): error A2008: syntax error : drd_imageLoadFile
MainFuncs.inc(20): error A2008: syntax error : drd_imageSetTransparent
MainFuncs.inc(22): error A2008: syntax error : drd_imageLoadFile
MainFuncs.inc(24): error A2008: syntax error : drd_imageLoadFile
MainFuncs.inc(43): error A2008: syntax error : drd_imageLoadFile
MainFuncs.inc(61): error A2008: syntax error : drd_imageLoadFile
MainFuncs.inc(82): error A2008: syntax error : breakValues
MainFuncs.inc(91): error A2008: syntax error : pusha
MainFuncs.inc(92): error A2008: syntax error : isSpecialFunc
MainFuncs.inc(95): error A2008: syntax error : popa
MainFuncs.inc(110): error A2008: syntax error : invoke
MainFuncs.inc(117): fatal error A1012: error count exceeds 100; stopping assembly
C:\Program Files (x86)\Microsoft Visual Studio\2017\Community\Common7\IDE\VC\VCTargets\BuildCustomizations\masm.targets(50,5): error MSB3721: The command "ml64.exe /c /nologo /Zi /Fo"x64\Debug\Main.obj" /W3 /errorReport:prompt  /TaMain.asm" exited with code 1.
